[debug] [2024-10-03T07:38:18.734Z] ----------------------------------------------------------------------
[debug] [2024-10-03T07:38:18.735Z] Command:       D:\Program Files\nodejs\node.exe C:\Users\sophi\AppData\Roaming\npm\node_modules\firebase-tools\lib\bin\firebase.js emulators:start
[debug] [2024-10-03T07:38:18.736Z] CLI Version:   13.15.3
[debug] [2024-10-03T07:38:18.736Z] Platform:      win32
[debug] [2024-10-03T07:38:18.736Z] Node Version:  v20.16.0
[debug] [2024-10-03T07:38:18.736Z] Time:          Thu Oct 03 2024 03:38:18 GMT-0400 (Eastern Daylight Time)
[debug] [2024-10-03T07:38:18.736Z] ----------------------------------------------------------------------
[debug] 
[debug] [2024-10-03T07:38:18.806Z] > command requires scopes: ["email","openid","https://www.googleapis.com/auth/cloudplatformprojects.readonly","https://www.googleapis.com/auth/firebase","https://www.googleapis.com/auth/cloud-platform"]
[debug] [2024-10-03T07:38:18.807Z] > authorizing via signed-in user (sophiad03@hotmail.com)
[info] i  emulators: Starting emulators: functions, hosting {"metadata":{"emulator":{"name":"hub"},"message":"Starting emulators: functions, hosting"}}
[debug] [2024-10-03T07:38:18.813Z] [logging] Logging Emulator only supports listening on one address (127.0.0.1). Not listening on ::1
[debug] [2024-10-03T07:38:18.813Z] [hosting] Hosting Emulator only supports listening on one address (127.0.0.1). Not listening on ::1
[warn] !  ui: Emulator UI unable to start on port 4000, starting on 4003 instead. {"metadata":{"emulator":{"name":"ui"},"message":"Emulator UI unable to start on port 4000, starting on 4003 instead."}}
[debug] [2024-10-03T07:38:18.815Z] assigned listening specs for emulators {"user":{"hub":[{"address":"127.0.0.1","family":"IPv4","port":4400},{"address":"::1","family":"IPv6","port":4400}],"logging":[{"address":"127.0.0.1","family":"IPv4","port":4500}],"hosting":[{"address":"127.0.0.1","family":"IPv4","port":5000}],"ui":[{"address":"127.0.0.1","family":"IPv4","port":4003},{"address":"::1","family":"IPv6","port":4003}]},"metadata":{"message":"assigned listening specs for emulators"}}
[warn] !  emulators: It seems that you are running multiple instances of the emulator suite for project l17-tune-tracer. This may result in unexpected behavior. 
[debug] [2024-10-03T07:38:18.819Z] [hub] writing locator at C:\Users\sophi\AppData\Local\Temp\hub-l17-tune-tracer.json
[debug] [2024-10-03T07:38:18.833Z] [functions] Functions Emulator only supports listening on one address (127.0.0.1). Not listening on ::1
[debug] [2024-10-03T07:38:18.833Z] [eventarc] Eventarc Emulator only supports listening on one address (127.0.0.1). Not listening on ::1
[debug] [2024-10-03T07:38:18.833Z] late-assigned ports for functions and eventarc emulators {"user":{"hub":[{"address":"127.0.0.1","family":"IPv4","port":4400},{"address":"::1","family":"IPv6","port":4400}],"logging":[{"address":"127.0.0.1","family":"IPv4","port":4500}],"hosting":[{"address":"127.0.0.1","family":"IPv4","port":5000}],"ui":[{"address":"127.0.0.1","family":"IPv4","port":4003},{"address":"::1","family":"IPv6","port":4003}],"functions":[{"address":"127.0.0.1","family":"IPv4","port":5001}],"eventarc":[{"address":"127.0.0.1","family":"IPv4","port":9299}]},"metadata":{"message":"late-assigned ports for functions and eventarc emulators"}}
[warn] !  functions: The following emulators are not running, calls to these services from the Functions emulator will affect production: auth, firestore, database, pubsub, storage, dataconnect {"metadata":{"emulator":{"name":"functions"},"message":"The following emulators are not running, calls to these services from the Functions emulator will affect production: \u001b[1mauth, firestore, database, pubsub, storage, dataconnect\u001b[22m"}}
[debug] [2024-10-03T07:38:18.837Z] defaultcredentials: writing to file C:\Users\sophi\AppData\Roaming\firebase\sophiad03_hotmail_com_application_default_credentials.json
[debug] [2024-10-03T07:38:18.840Z] Setting GAC to C:\Users\sophi\AppData\Roaming\firebase\sophiad03_hotmail_com_application_default_credentials.json {"metadata":{"emulator":{"name":"functions"},"message":"Setting GAC to C:\\Users\\sophi\\AppData\\Roaming\\firebase\\sophiad03_hotmail_com_application_default_credentials.json"}}
[debug] [2024-10-03T07:38:18.842Z] >>> [apiv2][query] GET https://firebase.googleapis.com/v1beta1/projects/l17-tune-tracer/adminSdkConfig [none]
[debug] [2024-10-03T07:38:19.141Z] <<< [apiv2][status] GET https://firebase.googleapis.com/v1beta1/projects/l17-tune-tracer/adminSdkConfig 200
[debug] [2024-10-03T07:38:19.141Z] <<< [apiv2][body] GET https://firebase.googleapis.com/v1beta1/projects/l17-tune-tracer/adminSdkConfig {"projectId":"l17-tune-tracer","databaseURL":"https://l17-tune-tracer-default-rtdb.firebaseio.com","storageBucket":"l17-tune-tracer.appspot.com"}
[debug] [2024-10-03T07:38:19.148Z] >>> [apiv2][query] GET https://firebasehosting.googleapis.com/v1beta1/projects/l17-tune-tracer/sites 
[debug] [2024-10-03T07:38:19.493Z] <<< [apiv2][status] GET https://firebasehosting.googleapis.com/v1beta1/projects/l17-tune-tracer/sites 200
[debug] [2024-10-03T07:38:19.493Z] <<< [apiv2][body] GET https://firebasehosting.googleapis.com/v1beta1/projects/l17-tune-tracer/sites {"sites":[{"name":"projects/l17-tune-tracer/sites/l17-tune-tracer","defaultUrl":"https://l17-tune-tracer.web.app","appId":"1:268123826560:web:a75235657488bf0d727965","type":"DEFAULT_SITE"}]}
[debug] [2024-10-03T07:38:19.493Z] >>> [apiv2][query] GET https://firebase.googleapis.com/v1beta1/projects/l17-tune-tracer/webApps/1:268123826560:web:a75235657488bf0d727965/config [none]
[debug] [2024-10-03T07:38:19.872Z] <<< [apiv2][status] GET https://firebase.googleapis.com/v1beta1/projects/l17-tune-tracer/webApps/1:268123826560:web:a75235657488bf0d727965/config 200
[debug] [2024-10-03T07:38:19.872Z] <<< [apiv2][body] GET https://firebase.googleapis.com/v1beta1/projects/l17-tune-tracer/webApps/1:268123826560:web:a75235657488bf0d727965/config {"projectId":"l17-tune-tracer","appId":"1:268123826560:web:a75235657488bf0d727965","databaseURL":"https://l17-tune-tracer-default-rtdb.firebaseio.com","storageBucket":"l17-tune-tracer.appspot.com","apiKey":"AIzaSyBPV_2yOAk8JeB0cJ2OBCdJQTCJyTNWDEg","authDomain":"l17-tune-tracer.firebaseapp.com","messagingSenderId":"268123826560","measurementId":"G-68VYCRF92M"}
[debug] [2024-10-03T07:38:19.876Z] >>> [apiv2][query] GET https://firebase.googleapis.com/v1beta1/projects/l17-tune-tracer [none]
[debug] [2024-10-03T07:38:20.101Z] <<< [apiv2][status] GET https://firebase.googleapis.com/v1beta1/projects/l17-tune-tracer 200
[debug] [2024-10-03T07:38:20.101Z] <<< [apiv2][body] GET https://firebase.googleapis.com/v1beta1/projects/l17-tune-tracer {"projectId":"l17-tune-tracer","projectNumber":"268123826560","displayName":"L17 Tune Tracer","name":"projects/l17-tune-tracer","resources":{"hostingSite":"l17-tune-tracer","realtimeDatabaseInstance":"l17-tune-tracer-default-rtdb"},"state":"ACTIVE","etag":"1_04835424-c1a9-44a4-b056-5ba694b4a221"}
[info] i  hosting[l17-tune-tracer]: Serving hosting files from: frontend {"metadata":{"emulator":{"name":"hosting"},"message":"Serving hosting files from: \u001b[1mfrontend\u001b[22m"}}
[info] +  hosting[l17-tune-tracer]: Local server: http://127.0.0.1:5000 {"metadata":{"emulator":{"name":"hosting"},"message":"Local server: \u001b[4m\u001b[1mhttp://127.0.0.1:5000\u001b[22m\u001b[24m"}}
[debug] [2024-10-03T07:38:20.170Z] Ignoring unsupported arg: auto_download {"metadata":{"emulator":{"name":"ui"},"message":"Ignoring unsupported arg: auto_download"}}
[debug] [2024-10-03T07:38:20.170Z] Ignoring unsupported arg: port {"metadata":{"emulator":{"name":"ui"},"message":"Ignoring unsupported arg: port"}}
[debug] [2024-10-03T07:38:20.170Z] Starting Emulator UI with command {"binary":"node","args":["C:\\Users\\sophi\\.cache\\firebase\\emulators\\ui-v1.13.0\\server\\server.mjs"],"optionalArgs":[],"joinArgs":false,"shell":false} {"metadata":{"emulator":{"name":"ui"},"message":"Starting Emulator UI with command {\"binary\":\"node\",\"args\":[\"C:\\\\Users\\\\sophi\\\\.cache\\\\firebase\\\\emulators\\\\ui-v1.13.0\\\\server\\\\server.mjs\"],\"optionalArgs\":[],\"joinArgs\":false,\"shell\":false}"}}
[info] i  ui: Emulator UI logging to ui-debug.log {"metadata":{"emulator":{"name":"ui"},"message":"Emulator UI logging to \u001b[1mui-debug.log\u001b[22m"}}
[debug] [2024-10-03T07:38:20.355Z] Web / API server started at 127.0.0.1:4003
 {"metadata":{"emulator":{"name":"ui"},"message":"Web / API server started at 127.0.0.1:4003\n"}}
[debug] [2024-10-03T07:38:20.355Z] Web / API server started at ::1:4003
 {"metadata":{"emulator":{"name":"ui"},"message":"Web / API server started at ::1:4003\n"}}
[info] i  functions: Watching "D:\Workspace\Tune-Tracer\functions" for Cloud Functions... {"metadata":{"emulator":{"name":"functions"},"message":"Watching \"D:\\Workspace\\Tune-Tracer\\functions\" for Cloud Functions..."}}
[debug] [2024-10-03T07:38:20.397Z] Validating nodejs source
[warn] !  functions: package.json indicates an outdated version of firebase-functions. Please upgrade using npm install --save firebase-functions@latest in your functions directory. 
[warn] !  functions: Please note that there will be breaking changes when you upgrade. 
[debug] [2024-10-03T07:38:21.290Z] > [functions] package.json contents: {
  "name": "functions",
  "scripts": {
    "lint": "eslint --ext .js,.ts .",
    "build": "tsc",
    "build:watch": "tsc --watch",
    "serve": "npm run build && firebase emulators:start --only functions",
    "shell": "npm run build && firebase functions:shell",
    "start": "npm run shell",
    "deploy": "firebase deploy --only functions",
    "logs": "firebase functions:log"
  },
  "engines": {
    "node": "18"
  },
  "main": "lib/index.js",
  "dependencies": {
    "firebase-admin": "^12.1.0",
    "firebase-functions": "^5.0.0"
  },
  "devDependencies": {
    "@typescript-eslint/eslint-plugin": "^5.12.0",
    "@typescript-eslint/parser": "^5.12.0",
    "eslint": "^8.9.0",
    "eslint-config-google": "^0.14.0",
    "eslint-plugin-import": "^2.25.4",
    "firebase-functions-test": "^3.1.0",
    "typescript": "^4.9.0"
  },
  "private": true
}
[error] !!  functions: Failed to load function definition from source: FirebaseError: There was an error reading functions\package.json:

 functions\lib\index.js does not exist, can't deploy Cloud Functions {"metadata":{"emulator":{"name":"functions"},"message":"Failed to load function definition from source: FirebaseError: There was an error reading functions\\package.json:\n\n functions\\lib\\index.js does not exist, can't deploy Cloud Functions"}}
[info] 
┌─────────────────────────────────────────────────────────────┐
│ ✔  All emulators ready! It is now safe to connect your app. │
│ i  View Emulator UI at http://127.0.0.1:4003/               │
└─────────────────────────────────────────────────────────────┘

┌───────────┬────────────────┬─────────────────────────────────┐
│ Emulator  │ Host:Port      │ View in Emulator UI             │
├───────────┼────────────────┼─────────────────────────────────┤
│ Functions │ 127.0.0.1:5001 │ http://127.0.0.1:4003/functions │
├───────────┼────────────────┼─────────────────────────────────┤
│ Hosting   │ 127.0.0.1:5000 │ n/a                             │
└───────────┴────────────────┴─────────────────────────────────┘
  Emulator Hub running at 127.0.0.1:4400
  Other reserved ports: 4500

Issues? Report them at https://github.com/firebase/firebase-tools/issues and attach the *-debug.log files.
 
[debug] [2024-10-03T07:38:45.126Z] File D:\Workspace\Tune-Tracer\functions\package.json changed, reloading triggers {"metadata":{"emulator":{"name":"functions"},"message":"File D:\\Workspace\\Tune-Tracer\\functions\\package.json changed, reloading triggers"}}
[debug] [2024-10-03T07:38:46.141Z] Validating nodejs source
[warn] !  functions: package.json indicates an outdated version of firebase-functions. Please upgrade using npm install --save firebase-functions@latest in your functions directory. 
[warn] !  functions: Please note that there will be breaking changes when you upgrade. 
[debug] [2024-10-03T07:38:46.922Z] > [functions] package.json contents: {
  "name": "functions",
  "scripts": {
    "lint": "eslint --ext .js,.ts .",
    "build": "tsc",
    "build:watch": "tsc --watch",
    "serve": "npm run build && firebase emulators:start --only functions",
    "shell": "npm run build && firebase functions:shell",
    "start": "npm run shell",
    "deploy": "firebase deploy --only functions",
    "logs": "firebase functions:log"
  },
  "engines": {
    "node": "18"
  },
  "main": "lib/index.ts",
  "dependencies": {
    "firebase-admin": "^12.1.0",
    "firebase-functions": "^5.0.0"
  },
  "devDependencies": {
    "@typescript-eslint/eslint-plugin": "^5.12.0",
    "@typescript-eslint/parser": "^5.12.0",
    "eslint": "^8.9.0",
    "eslint-config-google": "^0.14.0",
    "eslint-plugin-import": "^2.25.4",
    "firebase-functions-test": "^3.1.0",
    "typescript": "^4.9.0"
  },
  "private": true
}
[error] !!  functions: Failed to load function definition from source: FirebaseError: There was an error reading functions\package.json:

 functions\lib\index.ts does not exist, can't deploy Cloud Functions {"metadata":{"emulator":{"name":"functions"},"message":"Failed to load function definition from source: FirebaseError: There was an error reading functions\\package.json:\n\n functions\\lib\\index.ts does not exist, can't deploy Cloud Functions"}}
[debug] [2024-10-03T07:38:48.090Z] File D:\Workspace\Tune-Tracer\functions\package.json changed, reloading triggers {"metadata":{"emulator":{"name":"functions"},"message":"File D:\\Workspace\\Tune-Tracer\\functions\\package.json changed, reloading triggers"}}
[debug] [2024-10-03T07:38:49.103Z] Validating nodejs source
[warn] !  functions: package.json indicates an outdated version of firebase-functions. Please upgrade using npm install --save firebase-functions@latest in your functions directory. 
[warn] !  functions: Please note that there will be breaking changes when you upgrade. 
[debug] [2024-10-03T07:38:49.883Z] > [functions] package.json contents: {
  "name": "functions",
  "scripts": {
    "lint": "eslint --ext .js,.ts .",
    "build": "tsc",
    "build:watch": "tsc --watch",
    "serve": "npm run build && firebase emulators:start --only functions",
    "shell": "npm run build && firebase functions:shell",
    "start": "npm run shell",
    "deploy": "firebase deploy --only functions",
    "logs": "firebase functions:log"
  },
  "engines": {
    "node": "18"
  },
  "main": "src/index.ts",
  "dependencies": {
    "firebase-admin": "^12.1.0",
    "firebase-functions": "^5.0.0"
  },
  "devDependencies": {
    "@typescript-eslint/eslint-plugin": "^5.12.0",
    "@typescript-eslint/parser": "^5.12.0",
    "eslint": "^8.9.0",
    "eslint-config-google": "^0.14.0",
    "eslint-plugin-import": "^2.25.4",
    "firebase-functions-test": "^3.1.0",
    "typescript": "^4.9.0"
  },
  "private": true
}
[debug] [2024-10-03T07:38:49.883Z] Building nodejs source
[debug] [2024-10-03T07:38:49.883Z] Failed to find version of module node: reached end of search path D:\Workspace\Tune-Tracer\functions\node_modules
[warn] !  functions: Your requested "node" version "18" doesn't match your global version "20". Using node@20 from host. 
[debug] [2024-10-03T07:38:49.885Z] Could not find functions.yaml. Must use http discovery
[debug] [2024-10-03T07:38:49.889Z] Found firebase-functions binary at 'D:\Workspace\Tune-Tracer\functions\node_modules\.bin\firebase-functions'
[debug] [2024-10-03T07:38:49.896Z] File D:\Workspace\Tune-Tracer\functions\package.json changed, reloading triggers {"metadata":{"emulator":{"name":"functions"},"message":"File D:\\Workspace\\Tune-Tracer\\functions\\package.json changed, reloading triggers"}}
[debug] [2024-10-03T07:38:50.897Z] Validating nodejs source
[warn] !  functions: package.json indicates an outdated version of firebase-functions. Please upgrade using npm install --save firebase-functions@latest in your functions directory. 
[warn] !  functions: Please note that there will be breaking changes when you upgrade. 
[debug] [2024-10-03T07:38:51.638Z] > [functions] package.json contents: {
  "name": "functions",
  "scripts": {
    "lint": "eslint --ext .js,.ts .",
    "build": "tsc",
    "build:watch": "tsc --watch",
    "serve": "npm run build && firebase emulators:start --only functions",
    "shell": "npm run build && firebase functions:shell",
    "start": "npm run shell",
    "deploy": "firebase deploy --only functions",
    "logs": "firebase functions:log"
  },
  "engines": {
    "node": "18"
  },
  "main": "src/index.ts",
  "dependencies": {
    "firebase-admin": "^12.1.0",
    "firebase-functions": "^5.0.0"
  },
  "devDependencies": {
    "@typescript-eslint/eslint-plugin": "^5.12.0",
    "@typescript-eslint/parser": "^5.12.0",
    "eslint": "^8.9.0",
    "eslint-config-google": "^0.14.0",
    "eslint-plugin-import": "^2.25.4",
    "firebase-functions-test": "^3.1.0",
    "typescript": "^4.9.0"
  },
  "private": true
}
[debug] [2024-10-03T07:38:51.638Z] Building nodejs source
[debug] [2024-10-03T07:38:51.638Z] Failed to find version of module node: reached end of search path D:\Workspace\Tune-Tracer\functions\node_modules
[warn] !  functions: Your requested "node" version "18" doesn't match your global version "20". Using node@20 from host. 
[debug] [2024-10-03T07:38:51.639Z] Could not find functions.yaml. Must use http discovery
[debug] [2024-10-03T07:38:51.643Z] Found firebase-functions binary at 'D:\Workspace\Tune-Tracer\functions\node_modules\.bin\firebase-functions'
[info] Serving at port 8420

[error] D:\Workspace\Tune-Tracer\functions\src\index.ts:27
export const helloWorld = onRequest((request, response) => {
^^^^^^

SyntaxError: Unexpected token 'export'
    at wrapSafe (node:internal/modules/cjs/loader:1281:20)
    at Module._compile (node:internal/modules/cjs/loader:1321:27)
    at Module._extensions..js (node:internal/modules/cjs/loader:1416:10)
    at Module.load (node:internal/modules/cjs/loader:1208:32)
    at Module._load (node:internal/modules/cjs/loader:1024:12)
    at Module.require (node:internal/modules/cjs/loader:1233:19)
    at require (node:internal/modules/helpers:179:18)
    at loadModule (D:\Workspace\Tune-Tracer\functions\node_modules\firebase-functions\lib\runtime\loader.js:40:16)
    at loadStack (D:\Workspace\Tune-Tracer\functions\node_modules\firebase-functions\lib\runtime\loader.js:157:23)
    at D:\Workspace\Tune-Tracer\functions\node_modules\firebase-functions\lib\bin\firebase-functions.js:56:56

[debug] [2024-10-03T07:38:51.661Z] Got response code 400; body Failed to generate manifest from function source: SyntaxError: Unexpected token 'export'
[info] Serving at port 8677

[error] D:\Workspace\Tune-Tracer\functions\src\index.ts:27
export const helloWorld = onRequest((request, response) => {
^^^^^^

SyntaxError: Unexpected token 'export'
    at wrapSafe (node:internal/modules/cjs/loader:1281:20)
    at Module._compile (node:internal/modules/cjs/loader:1321:27)
    at Module._extensions..js (node:internal/modules/cjs/loader:1416:10)
    at Module.load (node:internal/modules/cjs/loader:1208:32)
    at Module._load (node:internal/modules/cjs/loader:1024:12)
    at Module.require (node:internal/modules/cjs/loader:1233:19)
    at require (node:internal/modules/helpers:179:18)
    at loadModule (D:\Workspace\Tune-Tracer\functions\node_modules\firebase-functions\lib\runtime\loader.js:40:16)
    at loadStack (D:\Workspace\Tune-Tracer\functions\node_modules\firebase-functions\lib\runtime\loader.js:157:23)
    at D:\Workspace\Tune-Tracer\functions\node_modules\firebase-functions\lib\bin\firebase-functions.js:56:56

[debug] [2024-10-03T07:38:51.832Z] Got response code 400; body Failed to generate manifest from function source: SyntaxError: Unexpected token 'export'
[error] !!  functions: Failed to load function definition from source: FirebaseError: Functions codebase could not be analyzed successfully. It may have a syntax or runtime error {"metadata":{"emulator":{"name":"functions"},"message":"Failed to load function definition from source: FirebaseError: Functions codebase could not be analyzed successfully. It may have a syntax or runtime error"}}
[error] !!  functions: Failed to load function definition from source: FirebaseError: Functions codebase could not be analyzed successfully. It may have a syntax or runtime error {"metadata":{"emulator":{"name":"functions"},"message":"Failed to load function definition from source: FirebaseError: Functions codebase could not be analyzed successfully. It may have a syntax or runtime error"}}
[debug] [2024-10-03T07:39:10.887Z] File D:\Workspace\Tune-Tracer\functions\src\index.ts changed, reloading triggers {"metadata":{"emulator":{"name":"functions"},"message":"File D:\\Workspace\\Tune-Tracer\\functions\\src\\index.ts changed, reloading triggers"}}
[debug] [2024-10-03T07:39:11.896Z] Validating nodejs source
[warn] !  functions: package.json indicates an outdated version of firebase-functions. Please upgrade using npm install --save firebase-functions@latest in your functions directory. 
[warn] !  functions: Please note that there will be breaking changes when you upgrade. 
[debug] [2024-10-03T07:39:12.691Z] > [functions] package.json contents: {
  "name": "functions",
  "scripts": {
    "lint": "eslint --ext .js,.ts .",
    "build": "tsc",
    "build:watch": "tsc --watch",
    "serve": "npm run build && firebase emulators:start --only functions",
    "shell": "npm run build && firebase functions:shell",
    "start": "npm run shell",
    "deploy": "firebase deploy --only functions",
    "logs": "firebase functions:log"
  },
  "engines": {
    "node": "18"
  },
  "main": "src/index.ts",
  "dependencies": {
    "firebase-admin": "^12.1.0",
    "firebase-functions": "^5.0.0"
  },
  "devDependencies": {
    "@typescript-eslint/eslint-plugin": "^5.12.0",
    "@typescript-eslint/parser": "^5.12.0",
    "eslint": "^8.9.0",
    "eslint-config-google": "^0.14.0",
    "eslint-plugin-import": "^2.25.4",
    "firebase-functions-test": "^3.1.0",
    "typescript": "^4.9.0"
  },
  "private": true
}
[debug] [2024-10-03T07:39:12.692Z] Building nodejs source
[debug] [2024-10-03T07:39:12.692Z] Failed to find version of module node: reached end of search path D:\Workspace\Tune-Tracer\functions\node_modules
[warn] !  functions: Your requested "node" version "18" doesn't match your global version "20". Using node@20 from host. 
[debug] [2024-10-03T07:39:12.693Z] Could not find functions.yaml. Must use http discovery
[debug] [2024-10-03T07:39:12.699Z] Found firebase-functions binary at 'D:\Workspace\Tune-Tracer\functions\node_modules\.bin\firebase-functions'
[info] Serving at port 8664

[debug] [2024-10-03T07:39:16.322Z] Got response from /__/functions.yaml {"endpoints":{},"specVersion":"v1alpha1","requiredAPIs":[],"extensions":{}}
[info] +  functions: Loaded functions definitions from source: . {"metadata":{"emulator":{"name":"functions"},"message":"Loaded functions definitions from source: ."}}
[debug] [2024-10-03T07:39:33.988Z] File D:\Workspace\Tune-Tracer\functions\src\index.ts changed, reloading triggers {"metadata":{"emulator":{"name":"functions"},"message":"File D:\\Workspace\\Tune-Tracer\\functions\\src\\index.ts changed, reloading triggers"}}
[debug] [2024-10-03T07:39:34.991Z] Validating nodejs source
[warn] !  functions: package.json indicates an outdated version of firebase-functions. Please upgrade using npm install --save firebase-functions@latest in your functions directory. 
[warn] !  functions: Please note that there will be breaking changes when you upgrade. 
[debug] [2024-10-03T07:39:35.797Z] > [functions] package.json contents: {
  "name": "functions",
  "scripts": {
    "lint": "eslint --ext .js,.ts .",
    "build": "tsc",
    "build:watch": "tsc --watch",
    "serve": "npm run build && firebase emulators:start --only functions",
    "shell": "npm run build && firebase functions:shell",
    "start": "npm run shell",
    "deploy": "firebase deploy --only functions",
    "logs": "firebase functions:log"
  },
  "engines": {
    "node": "18"
  },
  "main": "src/index.ts",
  "dependencies": {
    "firebase-admin": "^12.1.0",
    "firebase-functions": "^5.0.0"
  },
  "devDependencies": {
    "@typescript-eslint/eslint-plugin": "^5.12.0",
    "@typescript-eslint/parser": "^5.12.0",
    "eslint": "^8.9.0",
    "eslint-config-google": "^0.14.0",
    "eslint-plugin-import": "^2.25.4",
    "firebase-functions-test": "^3.1.0",
    "typescript": "^4.9.0"
  },
  "private": true
}
[debug] [2024-10-03T07:39:35.797Z] Building nodejs source
[debug] [2024-10-03T07:39:35.797Z] Failed to find version of module node: reached end of search path D:\Workspace\Tune-Tracer\functions\node_modules
[warn] !  functions: Your requested "node" version "18" doesn't match your global version "20". Using node@20 from host. 
[debug] [2024-10-03T07:39:35.798Z] Could not find functions.yaml. Must use http discovery
[debug] [2024-10-03T07:39:35.801Z] Found firebase-functions binary at 'D:\Workspace\Tune-Tracer\functions\node_modules\.bin\firebase-functions'
[info] Serving at port 8088

[debug] [2024-10-03T07:39:36.218Z] Got response from /__/functions.yaml {"endpoints":{"helloWorld":{"availableMemoryMb":null,"timeoutSeconds":null,"minInstances":null,"maxInstances":null,"ingressSettings":null,"concurrency":null,"serviceAccountEmail":null,"vpc":null,"platform":"gcfv2","labels":{},"httpsTrigger":{},"entryPoint":"helloWorld"}},"specVersion":"v1alpha1","requiredAPIs":[],"extensions":{}}
[info] +  functions: Loaded functions definitions from source: helloWorld. {"metadata":{"emulator":{"name":"functions"},"message":"Loaded functions definitions from source: helloWorld."}}
[info] +  functions[us-central1-helloWorld]: http function initialized (http://127.0.0.1:5001/l17-tune-tracer/us-central1/helloWorld). {"metadata":{"emulator":{"name":"functions"},"message":"\u001b[1mhttp\u001b[22m function initialized (http://127.0.0.1:5001/l17-tune-tracer/us-central1/helloWorld)."}}
[debug] [2024-10-03T07:39:47.614Z] [work-queue] {"queuedWork":["/l17-tune-tracer/us-central1/helloWorld-2024-10-03T07:39:47.613Z"],"queueLength":1,"runningWork":[],"workRunningCount":0}
[debug] [2024-10-03T07:39:47.614Z] [work-queue] {"queuedWork":[],"queueLength":0,"runningWork":["/l17-tune-tracer/us-central1/helloWorld-2024-10-03T07:39:47.613Z"],"workRunningCount":1}
[debug] [2024-10-03T07:39:47.614Z] Accepted request GET /l17-tune-tracer/us-central1/helloWorld --> us-central1-helloWorld
[debug] [2024-10-03T07:39:47.619Z] [functions] Runtime ready! Sending request! {"metadata":{"emulator":{"name":"functions"},"message":"[functions] Runtime ready! Sending request!"}}
[debug] [2024-10-03T07:39:47.620Z] [functions] Got req.url=/l17-tune-tracer/us-central1/helloWorld, mapping to path=/ {"metadata":{"emulator":{"name":"functions"},"message":"[functions] Got req.url=/l17-tune-tracer/us-central1/helloWorld, mapping to path=/"}}
[debug] [2024-10-03T07:39:47.627Z] [worker-pool] addWorker(us-central1-helloWorld) {"metadata":{"emulator":{"name":"functions"},"message":"[worker-pool] addWorker(us-central1-helloWorld)"}}
[debug] [2024-10-03T07:39:47.628Z] [worker-pool] Adding worker with key us-central1-helloWorld, total=1 {"metadata":{"emulator":{"name":"functions"},"message":"[worker-pool] Adding worker with key us-central1-helloWorld, total=1"}}
[debug] [2024-10-03T07:39:48.530Z] [runtime-status] [10416] Resolved module firebase-admin {"declared":true,"installed":true,"version":"12.6.0","resolution":"D:\\Workspace\\Tune-Tracer\\functions\\node_modules\\firebase-admin\\lib\\index.js"} {"metadata":{"emulator":{"name":"functions"},"function":{"name":"us-central1-helloWorld"},"extension":{},"message":"[runtime-status] [10416] Resolved module firebase-admin {\"declared\":true,\"installed\":true,\"version\":\"12.6.0\",\"resolution\":\"D:\\\\Workspace\\\\Tune-Tracer\\\\functions\\\\node_modules\\\\firebase-admin\\\\lib\\\\index.js\"}"}}
[debug] [2024-10-03T07:39:48.531Z] [runtime-status] [10416] Resolved module firebase-functions {"declared":true,"installed":true,"version":"5.1.1","resolution":"D:\\Workspace\\Tune-Tracer\\functions\\node_modules\\firebase-functions\\lib\\v1\\index.js"} {"metadata":{"emulator":{"name":"functions"},"function":{"name":"us-central1-helloWorld"},"extension":{},"message":"[runtime-status] [10416] Resolved module firebase-functions {\"declared\":true,\"installed\":true,\"version\":\"5.1.1\",\"resolution\":\"D:\\\\Workspace\\\\Tune-Tracer\\\\functions\\\\node_modules\\\\firebase-functions\\\\lib\\\\v1\\\\index.js\"}"}}
[debug] [2024-10-03T07:39:48.532Z] [runtime-status] [10416] Outgoing network have been stubbed. [{"name":"http","status":"mocked"},{"name":"http","status":"mocked"},{"name":"https","status":"mocked"},{"name":"https","status":"mocked"},{"name":"net","status":"mocked"}] {"metadata":{"emulator":{"name":"functions"},"function":{"name":"us-central1-helloWorld"},"extension":{},"message":"[runtime-status] [10416] Outgoing network have been stubbed. [{\"name\":\"http\",\"status\":\"mocked\"},{\"name\":\"http\",\"status\":\"mocked\"},{\"name\":\"https\",\"status\":\"mocked\"},{\"name\":\"https\",\"status\":\"mocked\"},{\"name\":\"net\",\"status\":\"mocked\"}]"}}
[debug] [2024-10-03T07:39:48.532Z] [runtime-status] [10416] Resolved module firebase-functions {"declared":true,"installed":true,"version":"5.1.1","resolution":"D:\\Workspace\\Tune-Tracer\\functions\\node_modules\\firebase-functions\\lib\\v1\\index.js"} {"metadata":{"emulator":{"name":"functions"},"function":{"name":"us-central1-helloWorld"},"extension":{},"message":"[runtime-status] [10416] Resolved module firebase-functions {\"declared\":true,\"installed\":true,\"version\":\"5.1.1\",\"resolution\":\"D:\\\\Workspace\\\\Tune-Tracer\\\\functions\\\\node_modules\\\\firebase-functions\\\\lib\\\\v1\\\\index.js\"}"}}
[debug] [2024-10-03T07:39:48.774Z] [runtime-status] [10416] Checked functions.config() {"config":{}} {"metadata":{"emulator":{"name":"functions"},"function":{"name":"us-central1-helloWorld"},"extension":{},"message":"[runtime-status] [10416] Checked functions.config() {\"config\":{}}"}}
[debug] [2024-10-03T07:39:48.774Z] [runtime-status] [10416] firebase-functions has been stubbed. {"functionsResolution":{"declared":true,"installed":true,"version":"5.1.1","resolution":"D:\\Workspace\\Tune-Tracer\\functions\\node_modules\\firebase-functions\\lib\\v1\\index.js"}} {"metadata":{"emulator":{"name":"functions"},"function":{"name":"us-central1-helloWorld"},"extension":{},"message":"[runtime-status] [10416] firebase-functions has been stubbed. {\"functionsResolution\":{\"declared\":true,\"installed\":true,\"version\":\"5.1.1\",\"resolution\":\"D:\\\\Workspace\\\\Tune-Tracer\\\\functions\\\\node_modules\\\\firebase-functions\\\\lib\\\\v1\\\\index.js\"}}"}}
[debug] [2024-10-03T07:39:48.775Z] [runtime-status] [10416] Resolved module firebase-functions {"declared":true,"installed":true,"version":"5.1.1","resolution":"D:\\Workspace\\Tune-Tracer\\functions\\node_modules\\firebase-functions\\lib\\v1\\index.js"} {"metadata":{"emulator":{"name":"functions"},"function":{"name":"us-central1-helloWorld"},"extension":{},"message":"[runtime-status] [10416] Resolved module firebase-functions {\"declared\":true,\"installed\":true,\"version\":\"5.1.1\",\"resolution\":\"D:\\\\Workspace\\\\Tune-Tracer\\\\functions\\\\node_modules\\\\firebase-functions\\\\lib\\\\v1\\\\index.js\"}"}}
[debug] [2024-10-03T07:39:48.776Z] [runtime-status] [10416] Resolved module firebase-admin {"declared":true,"installed":true,"version":"12.6.0","resolution":"D:\\Workspace\\Tune-Tracer\\functions\\node_modules\\firebase-admin\\lib\\index.js"} {"metadata":{"emulator":{"name":"functions"},"function":{"name":"us-central1-helloWorld"},"extension":{},"message":"[runtime-status] [10416] Resolved module firebase-admin {\"declared\":true,\"installed\":true,\"version\":\"12.6.0\",\"resolution\":\"D:\\\\Workspace\\\\Tune-Tracer\\\\functions\\\\node_modules\\\\firebase-admin\\\\lib\\\\index.js\"}"}}
[debug] [2024-10-03T07:39:48.778Z] [runtime-status] [10416] Resolved module firebase-functions {"declared":true,"installed":true,"version":"5.1.1","resolution":"D:\\Workspace\\Tune-Tracer\\functions\\node_modules\\firebase-functions\\lib\\v1\\index.js"} {"metadata":{"emulator":{"name":"functions"},"function":{"name":"us-central1-helloWorld"},"extension":{},"message":"[runtime-status] [10416] Resolved module firebase-functions {\"declared\":true,\"installed\":true,\"version\":\"5.1.1\",\"resolution\":\"D:\\\\Workspace\\\\Tune-Tracer\\\\functions\\\\node_modules\\\\firebase-functions\\\\lib\\\\v1\\\\index.js\"}"}}
[debug] [2024-10-03T07:39:48.778Z] [runtime-status] [10416] firebase-admin has been stubbed. {"adminResolution":{"declared":true,"installed":true,"version":"12.6.0","resolution":"D:\\Workspace\\Tune-Tracer\\functions\\node_modules\\firebase-admin\\lib\\index.js"}} {"metadata":{"emulator":{"name":"functions"},"function":{"name":"us-central1-helloWorld"},"extension":{},"message":"[runtime-status] [10416] firebase-admin has been stubbed. {\"adminResolution\":{\"declared\":true,\"installed\":true,\"version\":\"12.6.0\",\"resolution\":\"D:\\\\Workspace\\\\Tune-Tracer\\\\functions\\\\node_modules\\\\firebase-admin\\\\lib\\\\index.js\"}}"}}
[debug] [2024-10-03T07:39:48.785Z] [runtime-status] [10416] initializeApp(DEFAULT) {"storageBucket":"l17-tune-tracer.appspot.com","databaseURL":"https://l17-tune-tracer-default-rtdb.firebaseio.com","projectId":"l17-tune-tracer"} {"metadata":{"emulator":{"name":"functions"},"function":{"name":"us-central1-helloWorld"},"extension":{},"message":"[runtime-status] [10416] initializeApp(DEFAULT) {\"storageBucket\":\"l17-tune-tracer.appspot.com\",\"databaseURL\":\"https://l17-tune-tracer-default-rtdb.firebaseio.com\",\"projectId\":\"l17-tune-tracer\"}"}}
[debug] [2024-10-03T07:39:48.788Z] [runtime-status] [10416] Functions runtime initialized. {"cwd":"D:\\Workspace\\Tune-Tracer\\functions","node_version":"20.16.0"} {"metadata":{"emulator":{"name":"functions"},"function":{"name":"us-central1-helloWorld"},"extension":{},"message":"[runtime-status] [10416] Functions runtime initialized. {\"cwd\":\"D:\\\\Workspace\\\\Tune-Tracer\\\\functions\",\"node_version\":\"20.16.0\"}"}}
[debug] [2024-10-03T07:39:48.788Z] [runtime-status] [10416] Listening to port: \\?\pipe\fire_emu_ff03a7bca10b0d20 {"metadata":{"emulator":{"name":"functions"},"function":{"name":"us-central1-helloWorld"},"extension":{},"message":"[runtime-status] [10416] Listening to port: \\\\?\\pipe\\fire_emu_ff03a7bca10b0d20"}}
[debug] [2024-10-03T07:39:48.848Z] [worker-us-central1-helloWorld-1709b474-8b41-4ddb-8cd5-c1b007e218f0]: IDLE {"metadata":{"emulator":{"name":"functions"},"function":{"name":"us-central1-helloWorld"},"extension":{},"message":"[worker-us-central1-helloWorld-1709b474-8b41-4ddb-8cd5-c1b007e218f0]: IDLE"}}
[debug] [2024-10-03T07:39:48.848Z] [worker-pool] submitRequest(triggerId=us-central1-helloWorld) {"metadata":{"emulator":{"name":"functions"},"message":"[worker-pool] submitRequest(triggerId=us-central1-helloWorld)"}}
[info] i  functions: Beginning execution of "us-central1-helloWorld" {"metadata":{"emulator":{"name":"functions"},"function":{"name":"us-central1-helloWorld"},"extension":{},"message":"Beginning execution of \"us-central1-helloWorld\""}}
[debug] [2024-10-03T07:39:48.849Z] [worker-us-central1-helloWorld-1709b474-8b41-4ddb-8cd5-c1b007e218f0]: BUSY {"metadata":{"emulator":{"name":"functions"},"function":{"name":"us-central1-helloWorld"},"extension":{},"message":"[worker-us-central1-helloWorld-1709b474-8b41-4ddb-8cd5-c1b007e218f0]: BUSY"}}
[info] >  {"structuredData":true,"severity":"INFO","message":"Hello logs!"} {"user":{"structuredData":true,"severity":"INFO","message":"Hello logs!"},"metadata":{"emulator":{"name":"functions"},"function":{"name":"us-central1-helloWorld"},"extension":{},"message":"\u001b[90m> \u001b[39m {\"structuredData\":true,\"severity\":\"INFO\",\"message\":\"Hello logs!\"}"}}
[debug] [2024-10-03T07:39:48.852Z] Finishing up request with event=pause {"metadata":{"emulator":{"name":"functions"},"function":{"name":"us-central1-helloWorld"},"extension":{},"message":"Finishing up request with event=pause"}}
[info] i  functions: Finished "us-central1-helloWorld" in 3.3007ms {"metadata":{"emulator":{"name":"functions"},"function":{"name":"us-central1-helloWorld"},"extension":{},"message":"Finished \"us-central1-helloWorld\" in 3.3007ms"}}
[debug] [2024-10-03T07:39:48.853Z] [worker-us-central1-helloWorld-1709b474-8b41-4ddb-8cd5-c1b007e218f0]: IDLE {"metadata":{"emulator":{"name":"functions"},"function":{"name":"us-central1-helloWorld"},"extension":{},"message":"[worker-us-central1-helloWorld-1709b474-8b41-4ddb-8cd5-c1b007e218f0]: IDLE"}}
[debug] [2024-10-03T07:39:48.853Z] Finishing up request with event=finish {"metadata":{"emulator":{"name":"functions"},"function":{"name":"us-central1-helloWorld"},"extension":{},"message":"Finishing up request with event=finish"}}
[debug] [2024-10-03T07:39:48.853Z] Finishing up request with event=close {"metadata":{"emulator":{"name":"functions"},"function":{"name":"us-central1-helloWorld"},"extension":{},"message":"Finishing up request with event=close"}}
[debug] [2024-10-03T07:39:48.853Z] [work-queue] {"queuedWork":[],"queueLength":0,"runningWork":[],"workRunningCount":0}
[debug] [2024-10-03T07:39:49.055Z] Functions emulator received unknown request at path /favicon.ico
[debug] [2024-10-03T07:40:58.904Z] File D:\Workspace\Tune-Tracer\functions\src\index.ts changed, reloading triggers {"metadata":{"emulator":{"name":"functions"},"message":"File D:\\Workspace\\Tune-Tracer\\functions\\src\\index.ts changed, reloading triggers"}}
[debug] [2024-10-03T07:40:59.918Z] Validating nodejs source
[warn] !  functions: package.json indicates an outdated version of firebase-functions. Please upgrade using npm install --save firebase-functions@latest in your functions directory. 
[warn] !  functions: Please note that there will be breaking changes when you upgrade. 
[debug] [2024-10-03T07:41:00.659Z] > [functions] package.json contents: {
  "name": "functions",
  "scripts": {
    "lint": "eslint --ext .js,.ts .",
    "build": "tsc",
    "build:watch": "tsc --watch",
    "serve": "npm run build && firebase emulators:start --only functions",
    "shell": "npm run build && firebase functions:shell",
    "start": "npm run shell",
    "deploy": "firebase deploy --only functions",
    "logs": "firebase functions:log"
  },
  "engines": {
    "node": "18"
  },
  "main": "src/index.ts",
  "dependencies": {
    "firebase-admin": "^12.1.0",
    "firebase-functions": "^5.0.0"
  },
  "devDependencies": {
    "@typescript-eslint/eslint-plugin": "^5.12.0",
    "@typescript-eslint/parser": "^5.12.0",
    "eslint": "^8.9.0",
    "eslint-config-google": "^0.14.0",
    "eslint-plugin-import": "^2.25.4",
    "firebase-functions-test": "^3.1.0",
    "typescript": "^4.9.0"
  },
  "private": true
}
[debug] [2024-10-03T07:41:00.659Z] Building nodejs source
[debug] [2024-10-03T07:41:00.659Z] Failed to find version of module node: reached end of search path D:\Workspace\Tune-Tracer\functions\node_modules
[warn] !  functions: Your requested "node" version "18" doesn't match your global version "20". Using node@20 from host. 
[debug] [2024-10-03T07:41:00.661Z] Could not find functions.yaml. Must use http discovery
[debug] [2024-10-03T07:41:00.663Z] Found firebase-functions binary at 'D:\Workspace\Tune-Tracer\functions\node_modules\.bin\firebase-functions'
[info] Serving at port 8566

[debug] [2024-10-03T07:41:01.080Z] Got response from /__/functions.yaml {"endpoints":{"signUp":{"availableMemoryMb":null,"timeoutSeconds":null,"minInstances":null,"maxInstances":null,"ingressSettings":null,"concurrency":null,"serviceAccountEmail":null,"vpc":null,"platform":"gcfv2","labels":{},"httpsTrigger":{},"entryPoint":"signUp"},"helloWorld":{"availableMemoryMb":null,"timeoutSeconds":null,"minInstances":null,"maxInstances":null,"ingressSettings":null,"concurrency":null,"serviceAccountEmail":null,"vpc":null,"platform":"gcfv2","labels":{},"httpsTrigger":{},"entryPoint":"helloWorld"}},"specVersion":"v1alpha1","requiredAPIs":[],"extensions":{}}
[info] +  functions: Loaded functions definitions from source: signUp, helloWorld. {"metadata":{"emulator":{"name":"functions"},"message":"Loaded functions definitions from source: signUp, helloWorld."}}
[debug] [2024-10-03T07:41:06.108Z] [worker-pool] Shutting down IDLE worker (us-central1-helloWorld) {"metadata":{"emulator":{"name":"functions"},"message":"[worker-pool] Shutting down IDLE worker (us-central1-helloWorld)"}}
[debug] [2024-10-03T07:41:06.108Z] [worker-us-central1-helloWorld-1709b474-8b41-4ddb-8cd5-c1b007e218f0]: FINISHING {"metadata":{"emulator":{"name":"functions"},"function":{"name":"us-central1-helloWorld"},"extension":{},"message":"[worker-us-central1-helloWorld-1709b474-8b41-4ddb-8cd5-c1b007e218f0]: FINISHING"}}
[info] +  functions[us-central1-signUp]: http function initialized (http://127.0.0.1:5001/l17-tune-tracer/us-central1/signUp). {"metadata":{"emulator":{"name":"functions"},"message":"\u001b[1mhttp\u001b[22m function initialized (http://127.0.0.1:5001/l17-tune-tracer/us-central1/signUp)."}}
[debug] [2024-10-03T07:41:06.114Z] [worker-us-central1-helloWorld-1709b474-8b41-4ddb-8cd5-c1b007e218f0]: exited {"metadata":{"emulator":{"name":"functions"},"function":{"name":"us-central1-helloWorld"},"extension":{},"message":"[worker-us-central1-helloWorld-1709b474-8b41-4ddb-8cd5-c1b007e218f0]: exited"}}
[debug] [2024-10-03T07:41:06.114Z] [worker-us-central1-helloWorld-1709b474-8b41-4ddb-8cd5-c1b007e218f0]: FINISHED {"metadata":{"emulator":{"name":"functions"},"function":{"name":"us-central1-helloWorld"},"extension":{},"message":"[worker-us-central1-helloWorld-1709b474-8b41-4ddb-8cd5-c1b007e218f0]: FINISHED"}}
[debug] [2024-10-03T07:42:56.629Z] File D:\Workspace\Tune-Tracer\functions\tsconfig.json changed, reloading triggers {"metadata":{"emulator":{"name":"functions"},"message":"File D:\\Workspace\\Tune-Tracer\\functions\\tsconfig.json changed, reloading triggers"}}
[debug] [2024-10-03T07:42:57.634Z] Validating nodejs source
[warn] !  functions: package.json indicates an outdated version of firebase-functions. Please upgrade using npm install --save firebase-functions@latest in your functions directory. 
[warn] !  functions: Please note that there will be breaking changes when you upgrade. 
[debug] [2024-10-03T07:42:58.377Z] > [functions] package.json contents: {
  "name": "functions",
  "scripts": {
    "lint": "eslint --ext .js,.ts .",
    "build": "tsc",
    "build:watch": "tsc --watch",
    "serve": "npm run build && firebase emulators:start --only functions",
    "shell": "npm run build && firebase functions:shell",
    "start": "npm run shell",
    "deploy": "firebase deploy --only functions",
    "logs": "firebase functions:log"
  },
  "engines": {
    "node": "18"
  },
  "main": "src/index.ts",
  "dependencies": {
    "firebase-admin": "^12.1.0",
    "firebase-functions": "^5.0.0"
  },
  "devDependencies": {
    "@typescript-eslint/eslint-plugin": "^5.12.0",
    "@typescript-eslint/parser": "^5.12.0",
    "eslint": "^8.9.0",
    "eslint-config-google": "^0.14.0",
    "eslint-plugin-import": "^2.25.4",
    "firebase-functions-test": "^3.1.0",
    "typescript": "^4.9.0"
  },
  "private": true
}
[debug] [2024-10-03T07:42:58.377Z] Building nodejs source
[debug] [2024-10-03T07:42:58.377Z] Failed to find version of module node: reached end of search path D:\Workspace\Tune-Tracer\functions\node_modules
[warn] !  functions: Your requested "node" version "18" doesn't match your global version "20". Using node@20 from host. 
[debug] [2024-10-03T07:42:58.378Z] Could not find functions.yaml. Must use http discovery
[debug] [2024-10-03T07:42:58.381Z] Found firebase-functions binary at 'D:\Workspace\Tune-Tracer\functions\node_modules\.bin\firebase-functions'
[info] Serving at port 8561

[debug] [2024-10-03T07:42:58.809Z] Got response from /__/functions.yaml {"endpoints":{"signUp":{"availableMemoryMb":null,"timeoutSeconds":null,"minInstances":null,"maxInstances":null,"ingressSettings":null,"concurrency":null,"serviceAccountEmail":null,"vpc":null,"platform":"gcfv2","labels":{},"httpsTrigger":{},"entryPoint":"signUp"},"helloWorld":{"availableMemoryMb":null,"timeoutSeconds":null,"minInstances":null,"maxInstances":null,"ingressSettings":null,"concurrency":null,"serviceAccountEmail":null,"vpc":null,"platform":"gcfv2","labels":{},"httpsTrigger":{},"entryPoint":"helloWorld"}},"specVersion":"v1alpha1","requiredAPIs":[],"extensions":{}}
[info] +  functions: Loaded functions definitions from source: signUp, helloWorld. {"metadata":{"emulator":{"name":"functions"},"message":"Loaded functions definitions from source: signUp, helloWorld."}}
